<?xml version="1.0" encoding="UTF-8"?>
<!-- Generated by org.testng.reporters.JUnitReportReporter -->
<testsuite hostname="192.168.1.6" name="businessComponents.SearchBooks" tests="3" failures="0" timestamp="8 Aug 2018 16:39:57 GMT" time="35.502" errors="0">
  <testcase name="tc3" time="3.371" classname="businessComponents.SearchBooks"/>
  <testcase name="tc1" time="24.856" classname="businessComponents.SearchBooks"/>
  <testcase name="tc2" time="7.275" classname="businessComponents.SearchBooks"/>
</testsuite> <!-- businessComponents.SearchBooks -->
